\BOOKMARK [0][-]{section*.2}{Abstract}{}% 1
\BOOKMARK [0][-]{section*.4}{Acknowledgments}{}% 2
\BOOKMARK [0][-]{section*.7}{Nomenclature}{}% 3
\BOOKMARK [0][-]{chapter.1}{Introduction}{}% 4
\BOOKMARK [1][-]{section.1.1}{Context}{chapter.1}% 5
\BOOKMARK [1][-]{section.1.2}{Non-smooth modeling frameworks}{chapter.1}% 6
\BOOKMARK [1][-]{section.1.3}{Trajectory tracking control for non-smooth systems}{chapter.1}% 7
\BOOKMARK [1][-]{section.1.4}{Reference spreading control}{chapter.1}% 8
\BOOKMARK [1][-]{section.1.5}{Contribution}{chapter.1}% 9
\BOOKMARK [1][-]{section.1.6}{Report Outline}{chapter.1}% 10
\BOOKMARK [0][-]{chapter.2}{Modeling of Mechanical Systems with Unilateral Constraints and Spatial Friction}{}% 11
\BOOKMARK [1][-]{section.2.1}{Nonlinear complementarity problems}{chapter.2}% 12
\BOOKMARK [1][-]{section.2.2}{Hybrid systems}{chapter.2}% 13
\BOOKMARK [0][-]{chapter.3}{Trajectory Tracking Control for Hybrid Systems with State-Triggered Jumps}{}% 14
\BOOKMARK [1][-]{section.3.1}{Error notation for perturbed jump times}{chapter.3}% 15
\BOOKMARK [1][-]{section.3.2}{Linearization for Trajectories with Separate Guard-Activation}{chapter.3}% 16
\BOOKMARK [0][-]{chapter.4}{The Positive Homogenization}{}% 17
\BOOKMARK [1][-]{section.4.1}{Adopted Notation}{chapter.4}% 18
\BOOKMARK [1][-]{section.4.2}{Positive Homogenization for Trajectories with Simultaneous Guard-Activation}{chapter.4}% 19
\BOOKMARK [0][-]{chapter.5}{Numerical Validation}{}% 20
\BOOKMARK [0][-]{chapter.6}{Conclusions and Recommendations}{}% 21
\BOOKMARK [0][-]{section*.12}{Bibliography}{}% 22
\BOOKMARK [0][-]{appendix.A}{Mathematical Preliminaries}{}% 23
\BOOKMARK [1][-]{section.A.1}{Sensitivity analysis for smooth systems}{appendix.A}% 24
\BOOKMARK [1][-]{section.A.2}{\(Non-\)linear complementarity problems}{appendix.A}% 25
\BOOKMARK [1][-]{section.A.3}{Convex analysis}{appendix.A}% 26
\BOOKMARK [1][-]{section.A.4}{Hybrid system theory}{appendix.A}% 27
\BOOKMARK [0][-]{appendix.B}{Modeling of Mechanical Systems with Unilateral Constraints with Spatial Friction}{}% 28
\BOOKMARK [1][-]{section.B.1}{Complementarity condition formulation}{appendix.B}% 29
\BOOKMARK [1][-]{section.B.2}{Proximal point formulation}{appendix.B}% 30
\BOOKMARK [2][-]{subsection.B.2.1}{Proximal point formulation of contact law}{section.B.2}% 31
\BOOKMARK [2][-]{subsection.B.2.2}{Proximal point formulation of friction law}{section.B.2}% 32
\BOOKMARK [1][-]{section.B.3}{Hybrid system formulation for mechanical system with unilateral constraints and spatial friction}{appendix.B}% 33
\BOOKMARK [2][-]{subsection.B.3.1}{Jump map formulation}{section.B.3}% 34
\BOOKMARK [2][-]{subsection.B.3.2}{Guard-function formulation}{section.B.3}% 35
\BOOKMARK [2][-]{subsection.B.3.3}{Hybrid system formulation}{section.B.3}% 36
\BOOKMARK [0][-]{appendix.C}{Assumptions on Guard-Activations}{}% 37
\BOOKMARK [1][-]{section.C.1}{Transversality}{appendix.C}% 38
\BOOKMARK [1][-]{section.C.2}{Superfluous Contacts}{appendix.C}% 39
\BOOKMARK [0][-]{appendix.D}{Sensitivity Analysis for Input-Dependent Guards}{}% 40
\BOOKMARK [1][-]{section.D.1}{Linearization for single jumps}{appendix.D}% 41
\BOOKMARK [1][-]{section.D.2}{Linearization for multiple jumps}{appendix.D}% 42
\BOOKMARK [0][-]{appendix.E}{Positive Homogenization for Input-Dependent Guards}{}% 43
\BOOKMARK [1][-]{section.E.1}{Conewise constant jump gain}{appendix.E}% 44
\BOOKMARK [1][-]{section.E.2}{Positive homogeneity}{appendix.E}% 45
\BOOKMARK [1][-]{section.E.3}{Friction in Mechanical Systems with Unilateral Constraints}{appendix.E}% 46
\BOOKMARK [2][-]{subsection.E.3.1}{Frictional impacts}{section.E.3}% 47
\BOOKMARK [2][-]{subsection.E.3.2}{Impacts away from slip-stick border}{section.E.3}% 48
\BOOKMARK [2][-]{subsection.E.3.3}{Impacts close to slip-stick border}{section.E.3}% 49
\BOOKMARK [2][-]{subsection.E.3.4}{Slip-stick transition in closed-contact}{section.E.3}% 50
\BOOKMARK [0][-]{appendix.F}{Plank-Box Model}{}% 51
\BOOKMARK [1][-]{section.F.1}{Plank box dynamics}{appendix.F}% 52
\BOOKMARK [0][-]{appendix.G}{Simulation Design}{}% 53
\BOOKMARK [1][-]{section.G.1}{Reference Trajectory Design}{appendix.G}% 54
